[2022-12-21 15:55:36,482] {taskinstance.py:1032} INFO - Dependencies all met for <TaskInstance: fireflow_dag.fact_table_gcs_to_bigquery_task scheduled__2022-12-20T10:00:00+00:00 [queued]>
[2022-12-21 15:55:36,494] {taskinstance.py:1032} INFO - Dependencies all met for <TaskInstance: fireflow_dag.fact_table_gcs_to_bigquery_task scheduled__2022-12-20T10:00:00+00:00 [queued]>
[2022-12-21 15:55:36,494] {taskinstance.py:1238} INFO - 
--------------------------------------------------------------------------------
[2022-12-21 15:55:36,495] {taskinstance.py:1239} INFO - Starting attempt 2 of 2
[2022-12-21 15:55:36,495] {taskinstance.py:1240} INFO - 
--------------------------------------------------------------------------------
[2022-12-21 15:55:36,506] {taskinstance.py:1259} INFO - Executing <Task(GCSToBigQueryOperator): fact_table_gcs_to_bigquery_task> on 2022-12-20 10:00:00+00:00
[2022-12-21 15:55:36,515] {standard_task_runner.py:52} INFO - Started process 349 to run task
[2022-12-21 15:55:36,520] {standard_task_runner.py:76} INFO - Running: ['***', 'tasks', 'run', 'fireflow_dag', 'fact_table_gcs_to_bigquery_task', 'scheduled__2022-12-20T10:00:00+00:00', '--job-id', '6', '--raw', '--subdir', 'DAGS_FOLDER/fireflow_batch_dag.py', '--cfg-path', '/tmp/tmpj0j_aehd', '--error-file', '/tmp/tmpeshiyn2w']
[2022-12-21 15:55:36,521] {standard_task_runner.py:77} INFO - Job 6: Subtask fact_table_gcs_to_bigquery_task
[2022-12-21 15:55:36,588] {logging_mixin.py:109} INFO - Running <TaskInstance: fireflow_dag.fact_table_gcs_to_bigquery_task scheduled__2022-12-20T10:00:00+00:00 [running]> on host ffb0f01832af
[2022-12-21 15:55:36,672] {taskinstance.py:1426} INFO - Exporting the following env vars:
AIRFLOW_CTX_DAG_OWNER=***
AIRFLOW_CTX_DAG_ID=fireflow_dag
AIRFLOW_CTX_TASK_ID=fact_table_gcs_to_bigquery_task
AIRFLOW_CTX_EXECUTION_DATE=2022-12-20T10:00:00+00:00
AIRFLOW_CTX_DAG_RUN_ID=scheduled__2022-12-20T10:00:00+00:00
[2022-12-21 15:55:36,674] {warnings.py:110} WARNING - /home/***/.local/lib/python3.7/site-packages/***/providers/google/cloud/transfers/gcs_to_bigquery.py:261: DeprecationWarning: The bigquery_conn_id parameter has been deprecated. You should pass the gcp_conn_id parameter.
  impersonation_chain=self.impersonation_chain,

[2022-12-21 15:55:36,676] {crypto.py:82} WARNING - empty cryptography key - values will not be stored encrypted.
[2022-12-21 15:55:36,678] {warnings.py:110} WARNING - /home/***/.local/lib/python3.7/site-packages/***/providers/google/cloud/hooks/bigquery.py:141: DeprecationWarning: This method will be deprecated. Please use `BigQueryHook.get_client` method
  "This method will be deprecated. Please use `BigQueryHook.get_client` method", DeprecationWarning

[2022-12-21 15:55:37,128] {warnings.py:110} WARNING - /home/***/.local/lib/python3.7/site-packages/***/models/taskinstance.py:1511: DeprecationWarning: This method is deprecated. Please use `***.providers.google.cloud.hooks.bigquery.BigQueryHook.run_load`
  result = execute_callable(context=context)

[2022-12-21 15:55:37,129] {warnings.py:110} WARNING - /home/***/.local/lib/python3.7/site-packages/***/providers/google/cloud/hooks/bigquery.py:1772: DeprecationWarning: This method is deprecated. Please use `BigQueryHook.insert_job` method.
  "This method is deprecated. Please use `BigQueryHook.insert_job` method.", DeprecationWarning

[2022-12-21 15:55:37,130] {bigquery.py:1637} INFO - Inserting job ***_1671638137130081_87b75e4a0de8f96e83c9bb5c20f96b60
[2022-12-21 15:55:37,893] {taskinstance.py:1700} ERROR - Task failed with exception
Traceback (most recent call last):
  File "/home/airflow/.local/lib/python3.7/site-packages/airflow/models/taskinstance.py", line 1329, in _run_raw_task
    self._execute_task_with_callbacks(context)
  File "/home/airflow/.local/lib/python3.7/site-packages/airflow/models/taskinstance.py", line 1455, in _execute_task_with_callbacks
    result = self._execute_task(context, self.task)
  File "/home/airflow/.local/lib/python3.7/site-packages/airflow/models/taskinstance.py", line 1511, in _execute_task
    result = execute_callable(context=context)
  File "/home/airflow/.local/lib/python3.7/site-packages/airflow/providers/google/cloud/transfers/gcs_to_bigquery.py", line 329, in execute
    description=self.description,
  File "/home/airflow/.local/lib/python3.7/site-packages/airflow/providers/google/cloud/hooks/bigquery.py", line 2682, in run_load
    return self.hook.run_load(*args, **kwargs)
  File "/home/airflow/.local/lib/python3.7/site-packages/airflow/providers/google/cloud/hooks/bigquery.py", line 1917, in run_load
    job = self.insert_job(configuration=configuration, project_id=self.project_id)
  File "/home/airflow/.local/lib/python3.7/site-packages/airflow/providers/google/common/hooks/base_google.py", line 430, in inner_wrapper
    return func(self, *args, **kwargs)
  File "/home/airflow/.local/lib/python3.7/site-packages/airflow/providers/google/cloud/hooks/bigquery.py", line 1639, in insert_job
    job.result()
  File "/home/airflow/.local/lib/python3.7/site-packages/google/cloud/bigquery/job/base.py", line 727, in result
    return super(_AsyncJob, self).result(timeout=timeout, **kwargs)
  File "/home/airflow/.local/lib/python3.7/site-packages/google/api_core/future/polling.py", line 135, in result
    raise self._exception
google.api_core.exceptions.NotFound: 404 Not found: URI gs://fireflow_iykra-df8
[2022-12-21 15:55:37,961] {taskinstance.py:1277} INFO - Marking task as FAILED. dag_id=fireflow_dag, task_id=fact_table_gcs_to_bigquery_task, execution_date=20221220T100000, start_date=20221221T155536, end_date=20221221T155537
[2022-12-21 15:55:37,976] {standard_task_runner.py:92} ERROR - Failed to execute job 6 for task fact_table_gcs_to_bigquery_task
Traceback (most recent call last):
  File "/home/airflow/.local/lib/python3.7/site-packages/airflow/task/task_runner/standard_task_runner.py", line 85, in _start_by_fork
    args.func(args, dag=self.dag)
  File "/home/airflow/.local/lib/python3.7/site-packages/airflow/cli/cli_parser.py", line 48, in command
    return func(*args, **kwargs)
  File "/home/airflow/.local/lib/python3.7/site-packages/airflow/utils/cli.py", line 92, in wrapper
    return f(*args, **kwargs)
  File "/home/airflow/.local/lib/python3.7/site-packages/airflow/cli/commands/task_command.py", line 298, in task_run
    _run_task_by_selected_method(args, dag, ti)
  File "/home/airflow/.local/lib/python3.7/site-packages/airflow/cli/commands/task_command.py", line 107, in _run_task_by_selected_method
    _run_raw_task(args, ti)
  File "/home/airflow/.local/lib/python3.7/site-packages/airflow/cli/commands/task_command.py", line 184, in _run_raw_task
    error_file=args.error_file,
  File "/home/airflow/.local/lib/python3.7/site-packages/airflow/utils/session.py", line 70, in wrapper
    return func(*args, session=session, **kwargs)
  File "/home/airflow/.local/lib/python3.7/site-packages/airflow/models/taskinstance.py", line 1329, in _run_raw_task
    self._execute_task_with_callbacks(context)
  File "/home/airflow/.local/lib/python3.7/site-packages/airflow/models/taskinstance.py", line 1455, in _execute_task_with_callbacks
    result = self._execute_task(context, self.task)
  File "/home/airflow/.local/lib/python3.7/site-packages/airflow/models/taskinstance.py", line 1511, in _execute_task
    result = execute_callable(context=context)
  File "/home/airflow/.local/lib/python3.7/site-packages/airflow/providers/google/cloud/transfers/gcs_to_bigquery.py", line 329, in execute
    description=self.description,
  File "/home/airflow/.local/lib/python3.7/site-packages/airflow/providers/google/cloud/hooks/bigquery.py", line 2682, in run_load
    return self.hook.run_load(*args, **kwargs)
  File "/home/airflow/.local/lib/python3.7/site-packages/airflow/providers/google/cloud/hooks/bigquery.py", line 1917, in run_load
    job = self.insert_job(configuration=configuration, project_id=self.project_id)
  File "/home/airflow/.local/lib/python3.7/site-packages/airflow/providers/google/common/hooks/base_google.py", line 430, in inner_wrapper
    return func(self, *args, **kwargs)
  File "/home/airflow/.local/lib/python3.7/site-packages/airflow/providers/google/cloud/hooks/bigquery.py", line 1639, in insert_job
    job.result()
  File "/home/airflow/.local/lib/python3.7/site-packages/google/cloud/bigquery/job/base.py", line 727, in result
    return super(_AsyncJob, self).result(timeout=timeout, **kwargs)
  File "/home/airflow/.local/lib/python3.7/site-packages/google/api_core/future/polling.py", line 135, in result
    raise self._exception
google.api_core.exceptions.NotFound: 404 Not found: URI gs://fireflow_iykra-df8
[2022-12-21 15:55:38,025] {local_task_job.py:154} INFO - Task exited with return code 1
[2022-12-21 15:55:38,066] {local_task_job.py:264} INFO - 0 downstream tasks scheduled from follow-on schedule check
