[2022-12-21 15:42:07,108] {taskinstance.py:1032} INFO - Dependencies all met for <TaskInstance: fireflow_dag.load_to_gcs_task manual__2022-12-21T15:41:57.792141+00:00 [queued]>
[2022-12-21 15:42:07,116] {taskinstance.py:1032} INFO - Dependencies all met for <TaskInstance: fireflow_dag.load_to_gcs_task manual__2022-12-21T15:41:57.792141+00:00 [queued]>
[2022-12-21 15:42:07,117] {taskinstance.py:1238} INFO - 
--------------------------------------------------------------------------------
[2022-12-21 15:42:07,117] {taskinstance.py:1239} INFO - Starting attempt 1 of 2
[2022-12-21 15:42:07,117] {taskinstance.py:1240} INFO - 
--------------------------------------------------------------------------------
[2022-12-21 15:42:07,133] {taskinstance.py:1259} INFO - Executing <Task(PythonOperator): load_to_gcs_task> on 2022-12-21 15:41:57.792141+00:00
[2022-12-21 15:42:07,138] {standard_task_runner.py:52} INFO - Started process 4359 to run task
[2022-12-21 15:42:07,141] {standard_task_runner.py:76} INFO - Running: ['***', 'tasks', 'run', 'fireflow_dag', 'load_to_gcs_task', 'manual__2022-12-21T15:41:57.792141+00:00', '--job-id', '79', '--raw', '--subdir', 'DAGS_FOLDER/fireflow_batch_dag.py', '--cfg-path', '/tmp/tmpg13or48i', '--error-file', '/tmp/tmpemocue3x']
[2022-12-21 15:42:07,143] {standard_task_runner.py:77} INFO - Job 79: Subtask load_to_gcs_task
[2022-12-21 15:42:07,191] {logging_mixin.py:109} INFO - Running <TaskInstance: fireflow_dag.load_to_gcs_task manual__2022-12-21T15:41:57.792141+00:00 [running]> on host 78bd7b303d21
[2022-12-21 15:42:07,248] {taskinstance.py:1426} INFO - Exporting the following env vars:
AIRFLOW_CTX_DAG_OWNER=***
AIRFLOW_CTX_DAG_ID=fireflow_dag
AIRFLOW_CTX_TASK_ID=load_to_gcs_task
AIRFLOW_CTX_EXECUTION_DATE=2022-12-21T15:41:57.792141+00:00
AIRFLOW_CTX_DAG_RUN_ID=manual__2022-12-21T15:41:57.792141+00:00
[2022-12-21 15:42:12,199] {python.py:175} INFO - Done. Returned value was: None
[2022-12-21 15:42:12,210] {taskinstance.py:1277} INFO - Marking task as SUCCESS. dag_id=fireflow_dag, task_id=load_to_gcs_task, execution_date=20221221T154157, start_date=20221221T154207, end_date=20221221T154212
[2022-12-21 15:42:12,264] {local_task_job.py:154} INFO - Task exited with return code 0
[2022-12-21 15:42:12,297] {local_task_job.py:264} INFO - 1 downstream tasks scheduled from follow-on schedule check
