[2022-12-14 04:25:00,449] {processor.py:163} INFO - Started process (PID=38) to work on /opt/airflow/dags/homework_dag.py
[2022-12-14 04:25:00,450] {processor.py:642} INFO - Processing file /opt/airflow/dags/homework_dag.py for tasks to queue
[2022-12-14 04:25:00,452] {logging_mixin.py:109} INFO - [2022-12-14 04:25:00,451] {dagbag.py:500} INFO - Filling up the DagBag from /opt/airflow/dags/homework_dag.py
[2022-12-14 04:25:02,004] {processor.py:654} INFO - DAG(s) dict_keys(['homework_dag']) retrieved from /opt/airflow/dags/homework_dag.py
[2022-12-14 04:25:02,670] {logging_mixin.py:109} INFO - [2022-12-14 04:25:02,670] {dag.py:2396} INFO - Sync 1 DAGs
[2022-12-14 04:25:02,709] {logging_mixin.py:109} INFO - [2022-12-14 04:25:02,709] {dag.py:2935} INFO - Setting next_dagrun for homework_dag to 2022-12-13 00:00:00+00:00
[2022-12-14 04:25:02,798] {processor.py:171} INFO - Processing /opt/airflow/dags/homework_dag.py took 2.351 seconds
[2022-12-14 04:25:33,179] {processor.py:163} INFO - Started process (PID=65) to work on /opt/airflow/dags/homework_dag.py
[2022-12-14 04:25:33,183] {processor.py:642} INFO - Processing file /opt/airflow/dags/homework_dag.py for tasks to queue
[2022-12-14 04:25:33,187] {logging_mixin.py:109} INFO - [2022-12-14 04:25:33,187] {dagbag.py:500} INFO - Filling up the DagBag from /opt/airflow/dags/homework_dag.py
[2022-12-14 04:25:34,452] {processor.py:654} INFO - DAG(s) dict_keys(['homework_dag']) retrieved from /opt/airflow/dags/homework_dag.py
[2022-12-14 04:25:34,462] {logging_mixin.py:109} INFO - [2022-12-14 04:25:34,462] {dag.py:2396} INFO - Sync 1 DAGs
[2022-12-14 04:25:34,480] {logging_mixin.py:109} INFO - [2022-12-14 04:25:34,480] {dag.py:2935} INFO - Setting next_dagrun for homework_dag to 2022-12-13 00:00:00+00:00
[2022-12-14 04:25:34,493] {processor.py:171} INFO - Processing /opt/airflow/dags/homework_dag.py took 1.333 seconds
[2022-12-14 04:26:04,608] {processor.py:163} INFO - Started process (PID=101) to work on /opt/airflow/dags/homework_dag.py
[2022-12-14 04:26:04,609] {processor.py:642} INFO - Processing file /opt/airflow/dags/homework_dag.py for tasks to queue
[2022-12-14 04:26:04,610] {logging_mixin.py:109} INFO - [2022-12-14 04:26:04,610] {dagbag.py:500} INFO - Filling up the DagBag from /opt/airflow/dags/homework_dag.py
[2022-12-14 04:26:05,347] {processor.py:654} INFO - DAG(s) dict_keys(['homework_dag']) retrieved from /opt/airflow/dags/homework_dag.py
[2022-12-14 04:26:05,359] {logging_mixin.py:109} INFO - [2022-12-14 04:26:05,358] {dag.py:2396} INFO - Sync 1 DAGs
[2022-12-14 04:26:05,378] {logging_mixin.py:109} INFO - [2022-12-14 04:26:05,377] {dag.py:2935} INFO - Setting next_dagrun for homework_dag to 2022-12-13 00:00:00+00:00
[2022-12-14 04:26:05,391] {processor.py:171} INFO - Processing /opt/airflow/dags/homework_dag.py took 0.786 seconds
[2022-12-14 04:26:35,451] {processor.py:163} INFO - Started process (PID=128) to work on /opt/airflow/dags/homework_dag.py
[2022-12-14 04:26:35,452] {processor.py:642} INFO - Processing file /opt/airflow/dags/homework_dag.py for tasks to queue
[2022-12-14 04:26:35,453] {logging_mixin.py:109} INFO - [2022-12-14 04:26:35,453] {dagbag.py:500} INFO - Filling up the DagBag from /opt/airflow/dags/homework_dag.py
[2022-12-14 04:26:36,122] {processor.py:654} INFO - DAG(s) dict_keys(['homework_dag']) retrieved from /opt/airflow/dags/homework_dag.py
[2022-12-14 04:26:36,129] {logging_mixin.py:109} INFO - [2022-12-14 04:26:36,129] {dag.py:2396} INFO - Sync 1 DAGs
[2022-12-14 04:26:36,143] {logging_mixin.py:109} INFO - [2022-12-14 04:26:36,142] {dag.py:2935} INFO - Setting next_dagrun for homework_dag to 2022-12-13 00:00:00+00:00
[2022-12-14 04:26:36,152] {processor.py:171} INFO - Processing /opt/airflow/dags/homework_dag.py took 0.705 seconds
[2022-12-14 04:27:06,282] {processor.py:163} INFO - Started process (PID=165) to work on /opt/airflow/dags/homework_dag.py
[2022-12-14 04:27:06,283] {processor.py:642} INFO - Processing file /opt/airflow/dags/homework_dag.py for tasks to queue
[2022-12-14 04:27:06,285] {logging_mixin.py:109} INFO - [2022-12-14 04:27:06,285] {dagbag.py:500} INFO - Filling up the DagBag from /opt/airflow/dags/homework_dag.py
[2022-12-14 04:27:06,952] {processor.py:654} INFO - DAG(s) dict_keys(['homework_dag']) retrieved from /opt/airflow/dags/homework_dag.py
[2022-12-14 04:27:06,960] {logging_mixin.py:109} INFO - [2022-12-14 04:27:06,960] {dag.py:2396} INFO - Sync 1 DAGs
[2022-12-14 04:27:06,974] {logging_mixin.py:109} INFO - [2022-12-14 04:27:06,974] {dag.py:2935} INFO - Setting next_dagrun for homework_dag to 2022-12-13 00:00:00+00:00
[2022-12-14 04:27:06,984] {processor.py:171} INFO - Processing /opt/airflow/dags/homework_dag.py took 0.705 seconds
[2022-12-14 04:27:37,126] {processor.py:163} INFO - Started process (PID=194) to work on /opt/airflow/dags/homework_dag.py
[2022-12-14 04:27:37,128] {processor.py:642} INFO - Processing file /opt/airflow/dags/homework_dag.py for tasks to queue
[2022-12-14 04:27:37,130] {logging_mixin.py:109} INFO - [2022-12-14 04:27:37,130] {dagbag.py:500} INFO - Filling up the DagBag from /opt/airflow/dags/homework_dag.py
[2022-12-14 04:27:37,906] {processor.py:654} INFO - DAG(s) dict_keys(['homework_dag']) retrieved from /opt/airflow/dags/homework_dag.py
[2022-12-14 04:27:37,915] {logging_mixin.py:109} INFO - [2022-12-14 04:27:37,914] {dag.py:2396} INFO - Sync 1 DAGs
[2022-12-14 04:27:37,926] {logging_mixin.py:109} INFO - [2022-12-14 04:27:37,926] {dag.py:2935} INFO - Setting next_dagrun for homework_dag to 2022-12-13 00:00:00+00:00
[2022-12-14 04:27:37,935] {processor.py:171} INFO - Processing /opt/airflow/dags/homework_dag.py took 0.812 seconds
[2022-12-14 04:28:08,103] {processor.py:163} INFO - Started process (PID=228) to work on /opt/airflow/dags/homework_dag.py
[2022-12-14 04:28:08,105] {processor.py:642} INFO - Processing file /opt/airflow/dags/homework_dag.py for tasks to queue
[2022-12-14 04:28:08,106] {logging_mixin.py:109} INFO - [2022-12-14 04:28:08,106] {dagbag.py:500} INFO - Filling up the DagBag from /opt/airflow/dags/homework_dag.py
[2022-12-14 04:28:08,945] {processor.py:654} INFO - DAG(s) dict_keys(['homework_dag']) retrieved from /opt/airflow/dags/homework_dag.py
[2022-12-14 04:28:08,958] {logging_mixin.py:109} INFO - [2022-12-14 04:28:08,958] {dag.py:2396} INFO - Sync 1 DAGs
[2022-12-14 04:28:08,971] {logging_mixin.py:109} INFO - [2022-12-14 04:28:08,971] {dag.py:2935} INFO - Setting next_dagrun for homework_dag to 2022-12-13 00:00:00+00:00
[2022-12-14 04:28:08,979] {processor.py:171} INFO - Processing /opt/airflow/dags/homework_dag.py took 0.878 seconds
[2022-12-14 04:28:39,090] {processor.py:163} INFO - Started process (PID=264) to work on /opt/airflow/dags/homework_dag.py
[2022-12-14 04:28:39,092] {processor.py:642} INFO - Processing file /opt/airflow/dags/homework_dag.py for tasks to queue
[2022-12-14 04:28:39,093] {logging_mixin.py:109} INFO - [2022-12-14 04:28:39,092] {dagbag.py:500} INFO - Filling up the DagBag from /opt/airflow/dags/homework_dag.py
[2022-12-14 04:28:39,975] {processor.py:654} INFO - DAG(s) dict_keys(['homework_dag']) retrieved from /opt/airflow/dags/homework_dag.py
[2022-12-14 04:28:39,983] {logging_mixin.py:109} INFO - [2022-12-14 04:28:39,983] {dag.py:2396} INFO - Sync 1 DAGs
[2022-12-14 04:28:39,995] {logging_mixin.py:109} INFO - [2022-12-14 04:28:39,995] {dag.py:2935} INFO - Setting next_dagrun for homework_dag to 2022-12-13 00:00:00+00:00
[2022-12-14 04:28:40,007] {processor.py:171} INFO - Processing /opt/airflow/dags/homework_dag.py took 0.921 seconds
[2022-12-14 04:29:10,127] {processor.py:163} INFO - Started process (PID=291) to work on /opt/airflow/dags/homework_dag.py
[2022-12-14 04:29:10,129] {processor.py:642} INFO - Processing file /opt/airflow/dags/homework_dag.py for tasks to queue
[2022-12-14 04:29:10,129] {logging_mixin.py:109} INFO - [2022-12-14 04:29:10,129] {dagbag.py:500} INFO - Filling up the DagBag from /opt/airflow/dags/homework_dag.py
[2022-12-14 04:29:10,836] {processor.py:654} INFO - DAG(s) dict_keys(['homework_dag']) retrieved from /opt/airflow/dags/homework_dag.py
[2022-12-14 04:29:10,844] {logging_mixin.py:109} INFO - [2022-12-14 04:29:10,844] {dag.py:2396} INFO - Sync 1 DAGs
[2022-12-14 04:29:10,856] {logging_mixin.py:109} INFO - [2022-12-14 04:29:10,856] {dag.py:2935} INFO - Setting next_dagrun for homework_dag to 2022-12-13 00:00:00+00:00
[2022-12-14 04:29:10,868] {processor.py:171} INFO - Processing /opt/airflow/dags/homework_dag.py took 0.744 seconds
[2022-12-14 04:29:41,007] {processor.py:163} INFO - Started process (PID=327) to work on /opt/airflow/dags/homework_dag.py
[2022-12-14 04:29:41,008] {processor.py:642} INFO - Processing file /opt/airflow/dags/homework_dag.py for tasks to queue
[2022-12-14 04:29:41,009] {logging_mixin.py:109} INFO - [2022-12-14 04:29:41,009] {dagbag.py:500} INFO - Filling up the DagBag from /opt/airflow/dags/homework_dag.py
[2022-12-14 04:29:41,710] {processor.py:654} INFO - DAG(s) dict_keys(['homework_dag']) retrieved from /opt/airflow/dags/homework_dag.py
[2022-12-14 04:29:41,719] {logging_mixin.py:109} INFO - [2022-12-14 04:29:41,719] {dag.py:2396} INFO - Sync 1 DAGs
[2022-12-14 04:29:41,733] {logging_mixin.py:109} INFO - [2022-12-14 04:29:41,733] {dag.py:2935} INFO - Setting next_dagrun for homework_dag to 2022-12-13 00:00:00+00:00
[2022-12-14 04:29:41,745] {processor.py:171} INFO - Processing /opt/airflow/dags/homework_dag.py took 0.740 seconds
[2022-12-14 04:30:11,915] {processor.py:163} INFO - Started process (PID=355) to work on /opt/airflow/dags/homework_dag.py
[2022-12-14 04:30:11,917] {processor.py:642} INFO - Processing file /opt/airflow/dags/homework_dag.py for tasks to queue
[2022-12-14 04:30:11,918] {logging_mixin.py:109} INFO - [2022-12-14 04:30:11,918] {dagbag.py:500} INFO - Filling up the DagBag from /opt/airflow/dags/homework_dag.py
[2022-12-14 04:30:12,510] {processor.py:654} INFO - DAG(s) dict_keys(['homework_dag']) retrieved from /opt/airflow/dags/homework_dag.py
[2022-12-14 04:30:12,519] {logging_mixin.py:109} INFO - [2022-12-14 04:30:12,518] {dag.py:2396} INFO - Sync 1 DAGs
[2022-12-14 04:30:12,530] {logging_mixin.py:109} INFO - [2022-12-14 04:30:12,530] {dag.py:2935} INFO - Setting next_dagrun for homework_dag to 2022-12-13 00:00:00+00:00
[2022-12-14 04:30:12,541] {processor.py:171} INFO - Processing /opt/airflow/dags/homework_dag.py took 0.629 seconds
[2022-12-14 04:30:42,654] {processor.py:163} INFO - Started process (PID=392) to work on /opt/airflow/dags/homework_dag.py
[2022-12-14 04:30:42,655] {processor.py:642} INFO - Processing file /opt/airflow/dags/homework_dag.py for tasks to queue
[2022-12-14 04:30:42,656] {logging_mixin.py:109} INFO - [2022-12-14 04:30:42,656] {dagbag.py:500} INFO - Filling up the DagBag from /opt/airflow/dags/homework_dag.py
[2022-12-14 04:30:43,314] {processor.py:654} INFO - DAG(s) dict_keys(['homework_dag']) retrieved from /opt/airflow/dags/homework_dag.py
[2022-12-14 04:30:43,324] {logging_mixin.py:109} INFO - [2022-12-14 04:30:43,323] {dag.py:2396} INFO - Sync 1 DAGs
[2022-12-14 04:30:43,337] {logging_mixin.py:109} INFO - [2022-12-14 04:30:43,336] {dag.py:2935} INFO - Setting next_dagrun for homework_dag to 2022-12-13 00:00:00+00:00
[2022-12-14 04:30:43,347] {processor.py:171} INFO - Processing /opt/airflow/dags/homework_dag.py took 0.697 seconds
[2022-12-14 04:31:13,485] {processor.py:163} INFO - Started process (PID=428) to work on /opt/airflow/dags/homework_dag.py
[2022-12-14 04:31:13,486] {processor.py:642} INFO - Processing file /opt/airflow/dags/homework_dag.py for tasks to queue
[2022-12-14 04:31:13,487] {logging_mixin.py:109} INFO - [2022-12-14 04:31:13,487] {dagbag.py:500} INFO - Filling up the DagBag from /opt/airflow/dags/homework_dag.py
[2022-12-14 04:31:14,272] {processor.py:654} INFO - DAG(s) dict_keys(['homework_dag']) retrieved from /opt/airflow/dags/homework_dag.py
[2022-12-14 04:31:14,280] {logging_mixin.py:109} INFO - [2022-12-14 04:31:14,280] {dag.py:2396} INFO - Sync 1 DAGs
[2022-12-14 04:31:14,294] {logging_mixin.py:109} INFO - [2022-12-14 04:31:14,294] {dag.py:2935} INFO - Setting next_dagrun for homework_dag to 2022-12-13 00:00:00+00:00
[2022-12-14 04:31:14,305] {processor.py:171} INFO - Processing /opt/airflow/dags/homework_dag.py took 0.825 seconds
[2022-12-14 04:31:44,439] {processor.py:163} INFO - Started process (PID=455) to work on /opt/airflow/dags/homework_dag.py
[2022-12-14 04:31:44,440] {processor.py:642} INFO - Processing file /opt/airflow/dags/homework_dag.py for tasks to queue
[2022-12-14 04:31:44,441] {logging_mixin.py:109} INFO - [2022-12-14 04:31:44,441] {dagbag.py:500} INFO - Filling up the DagBag from /opt/airflow/dags/homework_dag.py
[2022-12-14 04:31:45,048] {processor.py:654} INFO - DAG(s) dict_keys(['homework_dag']) retrieved from /opt/airflow/dags/homework_dag.py
[2022-12-14 04:31:45,058] {logging_mixin.py:109} INFO - [2022-12-14 04:31:45,057] {dag.py:2396} INFO - Sync 1 DAGs
[2022-12-14 04:31:45,071] {logging_mixin.py:109} INFO - [2022-12-14 04:31:45,071] {dag.py:2935} INFO - Setting next_dagrun for homework_dag to 2022-12-13 00:00:00+00:00
[2022-12-14 04:31:45,083] {processor.py:171} INFO - Processing /opt/airflow/dags/homework_dag.py took 0.647 seconds
[2022-12-14 04:32:15,210] {processor.py:163} INFO - Started process (PID=492) to work on /opt/airflow/dags/homework_dag.py
[2022-12-14 04:32:15,212] {processor.py:642} INFO - Processing file /opt/airflow/dags/homework_dag.py for tasks to queue
[2022-12-14 04:32:15,212] {logging_mixin.py:109} INFO - [2022-12-14 04:32:15,212] {dagbag.py:500} INFO - Filling up the DagBag from /opt/airflow/dags/homework_dag.py
[2022-12-14 04:32:15,794] {processor.py:654} INFO - DAG(s) dict_keys(['homework_dag']) retrieved from /opt/airflow/dags/homework_dag.py
[2022-12-14 04:32:15,804] {logging_mixin.py:109} INFO - [2022-12-14 04:32:15,804] {dag.py:2396} INFO - Sync 1 DAGs
[2022-12-14 04:32:15,816] {logging_mixin.py:109} INFO - [2022-12-14 04:32:15,816] {dag.py:2935} INFO - Setting next_dagrun for homework_dag to 2022-12-13 00:00:00+00:00
[2022-12-14 04:32:15,827] {processor.py:171} INFO - Processing /opt/airflow/dags/homework_dag.py took 0.620 seconds
[2022-12-14 04:32:45,975] {processor.py:163} INFO - Started process (PID=519) to work on /opt/airflow/dags/homework_dag.py
[2022-12-14 04:32:45,976] {processor.py:642} INFO - Processing file /opt/airflow/dags/homework_dag.py for tasks to queue
[2022-12-14 04:32:45,977] {logging_mixin.py:109} INFO - [2022-12-14 04:32:45,977] {dagbag.py:500} INFO - Filling up the DagBag from /opt/airflow/dags/homework_dag.py
[2022-12-14 04:32:46,618] {processor.py:654} INFO - DAG(s) dict_keys(['homework_dag']) retrieved from /opt/airflow/dags/homework_dag.py
[2022-12-14 04:32:46,628] {logging_mixin.py:109} INFO - [2022-12-14 04:32:46,628] {dag.py:2396} INFO - Sync 1 DAGs
[2022-12-14 04:32:46,643] {logging_mixin.py:109} INFO - [2022-12-14 04:32:46,643] {dag.py:2935} INFO - Setting next_dagrun for homework_dag to 2022-12-13 00:00:00+00:00
[2022-12-14 04:32:46,655] {processor.py:171} INFO - Processing /opt/airflow/dags/homework_dag.py took 0.684 seconds
[2022-12-14 04:33:16,787] {processor.py:163} INFO - Started process (PID=556) to work on /opt/airflow/dags/homework_dag.py
[2022-12-14 04:33:16,789] {processor.py:642} INFO - Processing file /opt/airflow/dags/homework_dag.py for tasks to queue
[2022-12-14 04:33:16,790] {logging_mixin.py:109} INFO - [2022-12-14 04:33:16,790] {dagbag.py:500} INFO - Filling up the DagBag from /opt/airflow/dags/homework_dag.py
[2022-12-14 04:33:17,389] {processor.py:654} INFO - DAG(s) dict_keys(['homework_dag']) retrieved from /opt/airflow/dags/homework_dag.py
[2022-12-14 04:33:17,397] {logging_mixin.py:109} INFO - [2022-12-14 04:33:17,397] {dag.py:2396} INFO - Sync 1 DAGs
[2022-12-14 04:33:17,410] {logging_mixin.py:109} INFO - [2022-12-14 04:33:17,410] {dag.py:2935} INFO - Setting next_dagrun for homework_dag to 2022-12-13 00:00:00+00:00
[2022-12-14 04:33:17,423] {processor.py:171} INFO - Processing /opt/airflow/dags/homework_dag.py took 0.638 seconds
[2022-12-14 04:33:47,596] {processor.py:163} INFO - Started process (PID=592) to work on /opt/airflow/dags/homework_dag.py
[2022-12-14 04:33:47,602] {processor.py:642} INFO - Processing file /opt/airflow/dags/homework_dag.py for tasks to queue
[2022-12-14 04:33:47,603] {logging_mixin.py:109} INFO - [2022-12-14 04:33:47,603] {dagbag.py:500} INFO - Filling up the DagBag from /opt/airflow/dags/homework_dag.py
[2022-12-14 04:33:48,517] {processor.py:654} INFO - DAG(s) dict_keys(['homework_dag']) retrieved from /opt/airflow/dags/homework_dag.py
[2022-12-14 04:33:48,527] {logging_mixin.py:109} INFO - [2022-12-14 04:33:48,527] {dag.py:2396} INFO - Sync 1 DAGs
[2022-12-14 04:33:48,544] {logging_mixin.py:109} INFO - [2022-12-14 04:33:48,544] {dag.py:2935} INFO - Setting next_dagrun for homework_dag to 2022-12-13 00:00:00+00:00
[2022-12-14 04:33:48,563] {processor.py:171} INFO - Processing /opt/airflow/dags/homework_dag.py took 0.974 seconds
[2022-12-14 04:34:18,726] {processor.py:163} INFO - Started process (PID=619) to work on /opt/airflow/dags/homework_dag.py
[2022-12-14 04:34:18,727] {processor.py:642} INFO - Processing file /opt/airflow/dags/homework_dag.py for tasks to queue
[2022-12-14 04:34:18,728] {logging_mixin.py:109} INFO - [2022-12-14 04:34:18,728] {dagbag.py:500} INFO - Filling up the DagBag from /opt/airflow/dags/homework_dag.py
[2022-12-14 04:34:19,324] {processor.py:654} INFO - DAG(s) dict_keys(['homework_dag']) retrieved from /opt/airflow/dags/homework_dag.py
[2022-12-14 04:34:19,333] {logging_mixin.py:109} INFO - [2022-12-14 04:34:19,332] {dag.py:2396} INFO - Sync 1 DAGs
[2022-12-14 04:34:19,344] {logging_mixin.py:109} INFO - [2022-12-14 04:34:19,344] {dag.py:2935} INFO - Setting next_dagrun for homework_dag to 2022-12-13 00:00:00+00:00
[2022-12-14 04:34:19,353] {processor.py:171} INFO - Processing /opt/airflow/dags/homework_dag.py took 0.630 seconds
[2022-12-14 04:34:49,486] {processor.py:163} INFO - Started process (PID=657) to work on /opt/airflow/dags/homework_dag.py
[2022-12-14 04:34:49,487] {processor.py:642} INFO - Processing file /opt/airflow/dags/homework_dag.py for tasks to queue
[2022-12-14 04:34:49,488] {logging_mixin.py:109} INFO - [2022-12-14 04:34:49,488] {dagbag.py:500} INFO - Filling up the DagBag from /opt/airflow/dags/homework_dag.py
[2022-12-14 04:34:50,214] {processor.py:654} INFO - DAG(s) dict_keys(['homework_dag']) retrieved from /opt/airflow/dags/homework_dag.py
[2022-12-14 04:34:50,224] {logging_mixin.py:109} INFO - [2022-12-14 04:34:50,223] {dag.py:2396} INFO - Sync 1 DAGs
[2022-12-14 04:34:50,239] {logging_mixin.py:109} INFO - [2022-12-14 04:34:50,238] {dag.py:2935} INFO - Setting next_dagrun for homework_dag to 2022-12-13 00:00:00+00:00
[2022-12-14 04:34:50,247] {processor.py:171} INFO - Processing /opt/airflow/dags/homework_dag.py took 0.764 seconds
[2022-12-14 04:35:20,371] {processor.py:163} INFO - Started process (PID=684) to work on /opt/airflow/dags/homework_dag.py
[2022-12-14 04:35:20,373] {processor.py:642} INFO - Processing file /opt/airflow/dags/homework_dag.py for tasks to queue
[2022-12-14 04:35:20,374] {logging_mixin.py:109} INFO - [2022-12-14 04:35:20,374] {dagbag.py:500} INFO - Filling up the DagBag from /opt/airflow/dags/homework_dag.py
[2022-12-14 04:35:20,960] {processor.py:654} INFO - DAG(s) dict_keys(['homework_dag']) retrieved from /opt/airflow/dags/homework_dag.py
[2022-12-14 04:35:20,969] {logging_mixin.py:109} INFO - [2022-12-14 04:35:20,969] {dag.py:2396} INFO - Sync 1 DAGs
[2022-12-14 04:35:20,980] {logging_mixin.py:109} INFO - [2022-12-14 04:35:20,980] {dag.py:2935} INFO - Setting next_dagrun for homework_dag to 2022-12-13 00:00:00+00:00
[2022-12-14 04:35:20,992] {processor.py:171} INFO - Processing /opt/airflow/dags/homework_dag.py took 0.623 seconds
[2022-12-14 04:35:51,127] {processor.py:163} INFO - Started process (PID=720) to work on /opt/airflow/dags/homework_dag.py
[2022-12-14 04:35:51,128] {processor.py:642} INFO - Processing file /opt/airflow/dags/homework_dag.py for tasks to queue
[2022-12-14 04:35:51,129] {logging_mixin.py:109} INFO - [2022-12-14 04:35:51,129] {dagbag.py:500} INFO - Filling up the DagBag from /opt/airflow/dags/homework_dag.py
[2022-12-14 04:35:51,882] {processor.py:654} INFO - DAG(s) dict_keys(['homework_dag']) retrieved from /opt/airflow/dags/homework_dag.py
[2022-12-14 04:35:51,890] {logging_mixin.py:109} INFO - [2022-12-14 04:35:51,890] {dag.py:2396} INFO - Sync 1 DAGs
[2022-12-14 04:35:51,904] {logging_mixin.py:109} INFO - [2022-12-14 04:35:51,903] {dag.py:2935} INFO - Setting next_dagrun for homework_dag to 2022-12-13 00:00:00+00:00
[2022-12-14 04:35:51,915] {processor.py:171} INFO - Processing /opt/airflow/dags/homework_dag.py took 0.791 seconds
[2022-12-14 04:36:22,038] {processor.py:163} INFO - Started process (PID=756) to work on /opt/airflow/dags/homework_dag.py
[2022-12-14 04:36:22,040] {processor.py:642} INFO - Processing file /opt/airflow/dags/homework_dag.py for tasks to queue
[2022-12-14 04:36:22,040] {logging_mixin.py:109} INFO - [2022-12-14 04:36:22,040] {dagbag.py:500} INFO - Filling up the DagBag from /opt/airflow/dags/homework_dag.py
[2022-12-14 04:36:22,810] {processor.py:654} INFO - DAG(s) dict_keys(['homework_dag']) retrieved from /opt/airflow/dags/homework_dag.py
[2022-12-14 04:36:22,818] {logging_mixin.py:109} INFO - [2022-12-14 04:36:22,818] {dag.py:2396} INFO - Sync 1 DAGs
[2022-12-14 04:36:22,833] {logging_mixin.py:109} INFO - [2022-12-14 04:36:22,833] {dag.py:2935} INFO - Setting next_dagrun for homework_dag to 2022-12-13 00:00:00+00:00
[2022-12-14 04:36:22,843] {processor.py:171} INFO - Processing /opt/airflow/dags/homework_dag.py took 0.808 seconds
[2022-12-14 04:36:52,967] {processor.py:163} INFO - Started process (PID=783) to work on /opt/airflow/dags/homework_dag.py
[2022-12-14 04:36:52,968] {processor.py:642} INFO - Processing file /opt/airflow/dags/homework_dag.py for tasks to queue
[2022-12-14 04:36:52,969] {logging_mixin.py:109} INFO - [2022-12-14 04:36:52,969] {dagbag.py:500} INFO - Filling up the DagBag from /opt/airflow/dags/homework_dag.py
[2022-12-14 04:36:53,596] {processor.py:654} INFO - DAG(s) dict_keys(['homework_dag']) retrieved from /opt/airflow/dags/homework_dag.py
[2022-12-14 04:36:53,606] {logging_mixin.py:109} INFO - [2022-12-14 04:36:53,606] {dag.py:2396} INFO - Sync 1 DAGs
[2022-12-14 04:36:53,620] {logging_mixin.py:109} INFO - [2022-12-14 04:36:53,620] {dag.py:2935} INFO - Setting next_dagrun for homework_dag to 2022-12-13 00:00:00+00:00
[2022-12-14 04:36:53,631] {processor.py:171} INFO - Processing /opt/airflow/dags/homework_dag.py took 0.668 seconds
[2022-12-14 04:37:23,761] {processor.py:163} INFO - Started process (PID=820) to work on /opt/airflow/dags/homework_dag.py
[2022-12-14 04:37:23,762] {processor.py:642} INFO - Processing file /opt/airflow/dags/homework_dag.py for tasks to queue
[2022-12-14 04:37:23,764] {logging_mixin.py:109} INFO - [2022-12-14 04:37:23,763] {dagbag.py:500} INFO - Filling up the DagBag from /opt/airflow/dags/homework_dag.py
[2022-12-14 04:37:24,435] {processor.py:654} INFO - DAG(s) dict_keys(['homework_dag']) retrieved from /opt/airflow/dags/homework_dag.py
[2022-12-14 04:37:24,443] {logging_mixin.py:109} INFO - [2022-12-14 04:37:24,443] {dag.py:2396} INFO - Sync 1 DAGs
[2022-12-14 04:37:24,460] {logging_mixin.py:109} INFO - [2022-12-14 04:37:24,460] {dag.py:2935} INFO - Setting next_dagrun for homework_dag to 2022-12-13 00:00:00+00:00
[2022-12-14 04:37:24,474] {processor.py:171} INFO - Processing /opt/airflow/dags/homework_dag.py took 0.716 seconds
[2022-12-14 04:37:54,606] {processor.py:163} INFO - Started process (PID=847) to work on /opt/airflow/dags/homework_dag.py
[2022-12-14 04:37:54,608] {processor.py:642} INFO - Processing file /opt/airflow/dags/homework_dag.py for tasks to queue
[2022-12-14 04:37:54,609] {logging_mixin.py:109} INFO - [2022-12-14 04:37:54,609] {dagbag.py:500} INFO - Filling up the DagBag from /opt/airflow/dags/homework_dag.py
[2022-12-14 04:37:55,262] {processor.py:654} INFO - DAG(s) dict_keys(['homework_dag']) retrieved from /opt/airflow/dags/homework_dag.py
[2022-12-14 04:37:55,275] {logging_mixin.py:109} INFO - [2022-12-14 04:37:55,275] {dag.py:2396} INFO - Sync 1 DAGs
[2022-12-14 04:37:55,289] {logging_mixin.py:109} INFO - [2022-12-14 04:37:55,289] {dag.py:2935} INFO - Setting next_dagrun for homework_dag to 2022-12-13 00:00:00+00:00
[2022-12-14 04:37:55,298] {processor.py:171} INFO - Processing /opt/airflow/dags/homework_dag.py took 0.695 seconds
[2022-12-14 04:38:25,339] {processor.py:163} INFO - Started process (PID=884) to work on /opt/airflow/dags/homework_dag.py
[2022-12-14 04:38:25,340] {processor.py:642} INFO - Processing file /opt/airflow/dags/homework_dag.py for tasks to queue
[2022-12-14 04:38:25,341] {logging_mixin.py:109} INFO - [2022-12-14 04:38:25,341] {dagbag.py:500} INFO - Filling up the DagBag from /opt/airflow/dags/homework_dag.py
[2022-12-14 04:38:25,963] {processor.py:654} INFO - DAG(s) dict_keys(['homework_dag']) retrieved from /opt/airflow/dags/homework_dag.py
[2022-12-14 04:38:25,973] {logging_mixin.py:109} INFO - [2022-12-14 04:38:25,973] {dag.py:2396} INFO - Sync 1 DAGs
[2022-12-14 04:38:25,986] {logging_mixin.py:109} INFO - [2022-12-14 04:38:25,986] {dag.py:2935} INFO - Setting next_dagrun for homework_dag to 2022-12-13 00:00:00+00:00
[2022-12-14 04:38:25,998] {processor.py:171} INFO - Processing /opt/airflow/dags/homework_dag.py took 0.661 seconds
[2022-12-14 04:38:56,153] {processor.py:163} INFO - Started process (PID=911) to work on /opt/airflow/dags/homework_dag.py
[2022-12-14 04:38:56,155] {processor.py:642} INFO - Processing file /opt/airflow/dags/homework_dag.py for tasks to queue
[2022-12-14 04:38:56,156] {logging_mixin.py:109} INFO - [2022-12-14 04:38:56,156] {dagbag.py:500} INFO - Filling up the DagBag from /opt/airflow/dags/homework_dag.py
[2022-12-14 04:38:56,911] {processor.py:654} INFO - DAG(s) dict_keys(['homework_dag']) retrieved from /opt/airflow/dags/homework_dag.py
[2022-12-14 04:38:56,922] {logging_mixin.py:109} INFO - [2022-12-14 04:38:56,921] {dag.py:2396} INFO - Sync 1 DAGs
[2022-12-14 04:38:56,937] {logging_mixin.py:109} INFO - [2022-12-14 04:38:56,937] {dag.py:2935} INFO - Setting next_dagrun for homework_dag to 2022-12-13 00:00:00+00:00
[2022-12-14 04:38:56,947] {processor.py:171} INFO - Processing /opt/airflow/dags/homework_dag.py took 0.796 seconds
[2022-12-14 04:39:27,076] {processor.py:163} INFO - Started process (PID=947) to work on /opt/airflow/dags/homework_dag.py
[2022-12-14 04:39:27,077] {processor.py:642} INFO - Processing file /opt/airflow/dags/homework_dag.py for tasks to queue
[2022-12-14 04:39:27,078] {logging_mixin.py:109} INFO - [2022-12-14 04:39:27,078] {dagbag.py:500} INFO - Filling up the DagBag from /opt/airflow/dags/homework_dag.py
[2022-12-14 04:39:27,719] {processor.py:654} INFO - DAG(s) dict_keys(['homework_dag']) retrieved from /opt/airflow/dags/homework_dag.py
[2022-12-14 04:39:27,728] {logging_mixin.py:109} INFO - [2022-12-14 04:39:27,728] {dag.py:2396} INFO - Sync 1 DAGs
[2022-12-14 04:39:27,742] {logging_mixin.py:109} INFO - [2022-12-14 04:39:27,742] {dag.py:2935} INFO - Setting next_dagrun for homework_dag to 2022-12-13 00:00:00+00:00
[2022-12-14 04:39:27,753] {processor.py:171} INFO - Processing /opt/airflow/dags/homework_dag.py took 0.680 seconds
[2022-12-14 04:39:57,864] {processor.py:163} INFO - Started process (PID=983) to work on /opt/airflow/dags/homework_dag.py
[2022-12-14 04:39:57,865] {processor.py:642} INFO - Processing file /opt/airflow/dags/homework_dag.py for tasks to queue
[2022-12-14 04:39:57,867] {logging_mixin.py:109} INFO - [2022-12-14 04:39:57,867] {dagbag.py:500} INFO - Filling up the DagBag from /opt/airflow/dags/homework_dag.py
[2022-12-14 04:39:58,475] {processor.py:654} INFO - DAG(s) dict_keys(['homework_dag']) retrieved from /opt/airflow/dags/homework_dag.py
[2022-12-14 04:39:58,485] {logging_mixin.py:109} INFO - [2022-12-14 04:39:58,485] {dag.py:2396} INFO - Sync 1 DAGs
[2022-12-14 04:39:58,497] {logging_mixin.py:109} INFO - [2022-12-14 04:39:58,497] {dag.py:2935} INFO - Setting next_dagrun for homework_dag to 2022-12-13 00:00:00+00:00
[2022-12-14 04:39:58,510] {processor.py:171} INFO - Processing /opt/airflow/dags/homework_dag.py took 0.648 seconds
[2022-12-14 04:40:28,679] {processor.py:163} INFO - Started process (PID=1010) to work on /opt/airflow/dags/homework_dag.py
[2022-12-14 04:40:28,680] {processor.py:642} INFO - Processing file /opt/airflow/dags/homework_dag.py for tasks to queue
[2022-12-14 04:40:28,681] {logging_mixin.py:109} INFO - [2022-12-14 04:40:28,681] {dagbag.py:500} INFO - Filling up the DagBag from /opt/airflow/dags/homework_dag.py
[2022-12-14 04:40:29,393] {processor.py:654} INFO - DAG(s) dict_keys(['homework_dag']) retrieved from /opt/airflow/dags/homework_dag.py
[2022-12-14 04:40:29,403] {logging_mixin.py:109} INFO - [2022-12-14 04:40:29,403] {dag.py:2396} INFO - Sync 1 DAGs
[2022-12-14 04:40:29,417] {logging_mixin.py:109} INFO - [2022-12-14 04:40:29,417] {dag.py:2935} INFO - Setting next_dagrun for homework_dag to 2022-12-13 00:00:00+00:00
[2022-12-14 04:40:29,428] {processor.py:171} INFO - Processing /opt/airflow/dags/homework_dag.py took 0.752 seconds
[2022-12-14 04:40:59,553] {processor.py:163} INFO - Started process (PID=1046) to work on /opt/airflow/dags/homework_dag.py
[2022-12-14 04:40:59,554] {processor.py:642} INFO - Processing file /opt/airflow/dags/homework_dag.py for tasks to queue
[2022-12-14 04:40:59,555] {logging_mixin.py:109} INFO - [2022-12-14 04:40:59,555] {dagbag.py:500} INFO - Filling up the DagBag from /opt/airflow/dags/homework_dag.py
[2022-12-14 04:41:00,168] {processor.py:654} INFO - DAG(s) dict_keys(['homework_dag']) retrieved from /opt/airflow/dags/homework_dag.py
[2022-12-14 04:41:00,175] {logging_mixin.py:109} INFO - [2022-12-14 04:41:00,175] {dag.py:2396} INFO - Sync 1 DAGs
[2022-12-14 04:41:00,190] {logging_mixin.py:109} INFO - [2022-12-14 04:41:00,189] {dag.py:2935} INFO - Setting next_dagrun for homework_dag to 2022-12-13 00:00:00+00:00
[2022-12-14 04:41:00,201] {processor.py:171} INFO - Processing /opt/airflow/dags/homework_dag.py took 0.650 seconds
[2022-12-14 04:41:30,311] {processor.py:163} INFO - Started process (PID=1073) to work on /opt/airflow/dags/homework_dag.py
[2022-12-14 04:41:30,312] {processor.py:642} INFO - Processing file /opt/airflow/dags/homework_dag.py for tasks to queue
[2022-12-14 04:41:30,312] {logging_mixin.py:109} INFO - [2022-12-14 04:41:30,312] {dagbag.py:500} INFO - Filling up the DagBag from /opt/airflow/dags/homework_dag.py
[2022-12-14 04:41:30,956] {processor.py:654} INFO - DAG(s) dict_keys(['homework_dag']) retrieved from /opt/airflow/dags/homework_dag.py
[2022-12-14 04:41:30,965] {logging_mixin.py:109} INFO - [2022-12-14 04:41:30,965] {dag.py:2396} INFO - Sync 1 DAGs
[2022-12-14 04:41:30,981] {logging_mixin.py:109} INFO - [2022-12-14 04:41:30,981] {dag.py:2935} INFO - Setting next_dagrun for homework_dag to 2022-12-13 00:00:00+00:00
[2022-12-14 04:41:30,992] {processor.py:171} INFO - Processing /opt/airflow/dags/homework_dag.py took 0.683 seconds
[2022-12-14 04:42:01,124] {processor.py:163} INFO - Started process (PID=1109) to work on /opt/airflow/dags/homework_dag.py
[2022-12-14 04:42:01,126] {processor.py:642} INFO - Processing file /opt/airflow/dags/homework_dag.py for tasks to queue
[2022-12-14 04:42:01,126] {logging_mixin.py:109} INFO - [2022-12-14 04:42:01,126] {dagbag.py:500} INFO - Filling up the DagBag from /opt/airflow/dags/homework_dag.py
[2022-12-14 04:42:01,736] {processor.py:654} INFO - DAG(s) dict_keys(['homework_dag']) retrieved from /opt/airflow/dags/homework_dag.py
[2022-12-14 04:42:01,743] {logging_mixin.py:109} INFO - [2022-12-14 04:42:01,743] {dag.py:2396} INFO - Sync 1 DAGs
[2022-12-14 04:42:01,757] {logging_mixin.py:109} INFO - [2022-12-14 04:42:01,757] {dag.py:2935} INFO - Setting next_dagrun for homework_dag to 2022-12-13 00:00:00+00:00
[2022-12-14 04:42:01,767] {processor.py:171} INFO - Processing /opt/airflow/dags/homework_dag.py took 0.645 seconds
[2022-12-14 04:42:31,888] {processor.py:163} INFO - Started process (PID=1145) to work on /opt/airflow/dags/homework_dag.py
[2022-12-14 04:42:31,890] {processor.py:642} INFO - Processing file /opt/airflow/dags/homework_dag.py for tasks to queue
[2022-12-14 04:42:31,890] {logging_mixin.py:109} INFO - [2022-12-14 04:42:31,890] {dagbag.py:500} INFO - Filling up the DagBag from /opt/airflow/dags/homework_dag.py
[2022-12-14 04:42:32,831] {processor.py:654} INFO - DAG(s) dict_keys(['homework_dag']) retrieved from /opt/airflow/dags/homework_dag.py
[2022-12-14 04:42:32,843] {logging_mixin.py:109} INFO - [2022-12-14 04:42:32,843] {dag.py:2396} INFO - Sync 1 DAGs
[2022-12-14 04:42:32,865] {logging_mixin.py:109} INFO - [2022-12-14 04:42:32,865] {dag.py:2935} INFO - Setting next_dagrun for homework_dag to 2022-12-13 00:00:00+00:00
[2022-12-14 04:42:32,882] {processor.py:171} INFO - Processing /opt/airflow/dags/homework_dag.py took 0.998 seconds
[2022-12-14 04:43:03,038] {processor.py:163} INFO - Started process (PID=1173) to work on /opt/airflow/dags/homework_dag.py
[2022-12-14 04:43:03,040] {processor.py:642} INFO - Processing file /opt/airflow/dags/homework_dag.py for tasks to queue
[2022-12-14 04:43:03,041] {logging_mixin.py:109} INFO - [2022-12-14 04:43:03,041] {dagbag.py:500} INFO - Filling up the DagBag from /opt/airflow/dags/homework_dag.py
[2022-12-14 04:43:03,680] {processor.py:654} INFO - DAG(s) dict_keys(['homework_dag']) retrieved from /opt/airflow/dags/homework_dag.py
[2022-12-14 04:43:03,689] {logging_mixin.py:109} INFO - [2022-12-14 04:43:03,689] {dag.py:2396} INFO - Sync 1 DAGs
[2022-12-14 04:43:03,701] {logging_mixin.py:109} INFO - [2022-12-14 04:43:03,701] {dag.py:2935} INFO - Setting next_dagrun for homework_dag to 2022-12-13 00:00:00+00:00
[2022-12-14 04:43:03,711] {processor.py:171} INFO - Processing /opt/airflow/dags/homework_dag.py took 0.676 seconds
[2022-12-14 04:43:33,843] {processor.py:163} INFO - Started process (PID=1209) to work on /opt/airflow/dags/homework_dag.py
[2022-12-14 04:43:33,844] {processor.py:642} INFO - Processing file /opt/airflow/dags/homework_dag.py for tasks to queue
[2022-12-14 04:43:33,845] {logging_mixin.py:109} INFO - [2022-12-14 04:43:33,845] {dagbag.py:500} INFO - Filling up the DagBag from /opt/airflow/dags/homework_dag.py
[2022-12-14 04:43:34,559] {processor.py:654} INFO - DAG(s) dict_keys(['homework_dag']) retrieved from /opt/airflow/dags/homework_dag.py
[2022-12-14 04:43:34,569] {logging_mixin.py:109} INFO - [2022-12-14 04:43:34,569] {dag.py:2396} INFO - Sync 1 DAGs
[2022-12-14 04:43:34,584] {logging_mixin.py:109} INFO - [2022-12-14 04:43:34,583] {dag.py:2935} INFO - Setting next_dagrun for homework_dag to 2022-12-13 00:00:00+00:00
[2022-12-14 04:43:34,592] {processor.py:171} INFO - Processing /opt/airflow/dags/homework_dag.py took 0.753 seconds
[2022-12-14 04:44:04,714] {processor.py:163} INFO - Started process (PID=1236) to work on /opt/airflow/dags/homework_dag.py
[2022-12-14 04:44:04,716] {processor.py:642} INFO - Processing file /opt/airflow/dags/homework_dag.py for tasks to queue
[2022-12-14 04:44:04,717] {logging_mixin.py:109} INFO - [2022-12-14 04:44:04,717] {dagbag.py:500} INFO - Filling up the DagBag from /opt/airflow/dags/homework_dag.py
[2022-12-14 04:44:05,336] {processor.py:654} INFO - DAG(s) dict_keys(['homework_dag']) retrieved from /opt/airflow/dags/homework_dag.py
[2022-12-14 04:44:05,344] {logging_mixin.py:109} INFO - [2022-12-14 04:44:05,344] {dag.py:2396} INFO - Sync 1 DAGs
[2022-12-14 04:44:05,358] {logging_mixin.py:109} INFO - [2022-12-14 04:44:05,357] {dag.py:2935} INFO - Setting next_dagrun for homework_dag to 2022-12-13 00:00:00+00:00
[2022-12-14 04:44:05,369] {processor.py:171} INFO - Processing /opt/airflow/dags/homework_dag.py took 0.657 seconds
[2022-12-14 04:44:35,472] {processor.py:163} INFO - Started process (PID=1272) to work on /opt/airflow/dags/homework_dag.py
[2022-12-14 04:44:35,474] {processor.py:642} INFO - Processing file /opt/airflow/dags/homework_dag.py for tasks to queue
[2022-12-14 04:44:35,475] {logging_mixin.py:109} INFO - [2022-12-14 04:44:35,474] {dagbag.py:500} INFO - Filling up the DagBag from /opt/airflow/dags/homework_dag.py
[2022-12-14 04:44:36,104] {processor.py:654} INFO - DAG(s) dict_keys(['homework_dag']) retrieved from /opt/airflow/dags/homework_dag.py
[2022-12-14 04:44:36,111] {logging_mixin.py:109} INFO - [2022-12-14 04:44:36,111] {dag.py:2396} INFO - Sync 1 DAGs
[2022-12-14 04:44:36,124] {logging_mixin.py:109} INFO - [2022-12-14 04:44:36,124] {dag.py:2935} INFO - Setting next_dagrun for homework_dag to 2022-12-13 00:00:00+00:00
[2022-12-14 04:44:36,134] {processor.py:171} INFO - Processing /opt/airflow/dags/homework_dag.py took 0.664 seconds
[2022-12-14 04:45:06,264] {processor.py:163} INFO - Started process (PID=1309) to work on /opt/airflow/dags/homework_dag.py
[2022-12-14 04:45:06,265] {processor.py:642} INFO - Processing file /opt/airflow/dags/homework_dag.py for tasks to queue
[2022-12-14 04:45:06,266] {logging_mixin.py:109} INFO - [2022-12-14 04:45:06,266] {dagbag.py:500} INFO - Filling up the DagBag from /opt/airflow/dags/homework_dag.py
[2022-12-14 04:45:06,957] {processor.py:654} INFO - DAG(s) dict_keys(['homework_dag']) retrieved from /opt/airflow/dags/homework_dag.py
[2022-12-14 04:45:06,964] {logging_mixin.py:109} INFO - [2022-12-14 04:45:06,963] {dag.py:2396} INFO - Sync 1 DAGs
[2022-12-14 04:45:06,977] {logging_mixin.py:109} INFO - [2022-12-14 04:45:06,977] {dag.py:2935} INFO - Setting next_dagrun for homework_dag to 2022-12-13 00:00:00+00:00
[2022-12-14 04:45:06,987] {processor.py:171} INFO - Processing /opt/airflow/dags/homework_dag.py took 0.726 seconds
[2022-12-14 04:45:37,098] {processor.py:163} INFO - Started process (PID=1336) to work on /opt/airflow/dags/homework_dag.py
[2022-12-14 04:45:37,099] {processor.py:642} INFO - Processing file /opt/airflow/dags/homework_dag.py for tasks to queue
[2022-12-14 04:45:37,100] {logging_mixin.py:109} INFO - [2022-12-14 04:45:37,100] {dagbag.py:500} INFO - Filling up the DagBag from /opt/airflow/dags/homework_dag.py
[2022-12-14 04:45:37,756] {processor.py:654} INFO - DAG(s) dict_keys(['homework_dag']) retrieved from /opt/airflow/dags/homework_dag.py
[2022-12-14 04:45:37,764] {logging_mixin.py:109} INFO - [2022-12-14 04:45:37,764] {dag.py:2396} INFO - Sync 1 DAGs
[2022-12-14 04:45:37,777] {logging_mixin.py:109} INFO - [2022-12-14 04:45:37,777] {dag.py:2935} INFO - Setting next_dagrun for homework_dag to 2022-12-13 00:00:00+00:00
[2022-12-14 04:45:37,787] {processor.py:171} INFO - Processing /opt/airflow/dags/homework_dag.py took 0.692 seconds
[2022-12-14 04:46:07,903] {processor.py:163} INFO - Started process (PID=1372) to work on /opt/airflow/dags/homework_dag.py
[2022-12-14 04:46:07,904] {processor.py:642} INFO - Processing file /opt/airflow/dags/homework_dag.py for tasks to queue
[2022-12-14 04:46:07,906] {logging_mixin.py:109} INFO - [2022-12-14 04:46:07,906] {dagbag.py:500} INFO - Filling up the DagBag from /opt/airflow/dags/homework_dag.py
[2022-12-14 04:46:08,646] {processor.py:654} INFO - DAG(s) dict_keys(['homework_dag']) retrieved from /opt/airflow/dags/homework_dag.py
[2022-12-14 04:46:08,660] {logging_mixin.py:109} INFO - [2022-12-14 04:46:08,660] {dag.py:2396} INFO - Sync 1 DAGs
[2022-12-14 04:46:08,680] {logging_mixin.py:109} INFO - [2022-12-14 04:46:08,680] {dag.py:2935} INFO - Setting next_dagrun for homework_dag to 2022-12-13 00:00:00+00:00
[2022-12-14 04:46:08,692] {processor.py:171} INFO - Processing /opt/airflow/dags/homework_dag.py took 0.793 seconds
[2022-12-14 06:58:58,576] {processor.py:163} INFO - Started process (PID=38) to work on /opt/airflow/dags/homework_dag.py
[2022-12-14 06:58:58,578] {processor.py:642} INFO - Processing file /opt/airflow/dags/homework_dag.py for tasks to queue
[2022-12-14 06:58:58,579] {logging_mixin.py:109} INFO - [2022-12-14 06:58:58,579] {dagbag.py:500} INFO - Filling up the DagBag from /opt/airflow/dags/homework_dag.py
[2022-12-14 06:59:05,043] {processor.py:654} INFO - DAG(s) dict_keys(['homework_dag']) retrieved from /opt/airflow/dags/homework_dag.py
[2022-12-14 06:59:05,069] {logging_mixin.py:109} INFO - [2022-12-14 06:59:05,067] {dag.py:2396} INFO - Sync 1 DAGs
[2022-12-14 06:59:05,107] {logging_mixin.py:109} INFO - [2022-12-14 06:59:05,107] {dag.py:2935} INFO - Setting next_dagrun for homework_dag to 2022-12-13 00:00:00+00:00
[2022-12-14 06:59:05,132] {processor.py:171} INFO - Processing /opt/airflow/dags/homework_dag.py took 6.559 seconds
