[2022-12-03 17:29:30,072] {taskinstance.py:1032} INFO - Dependencies all met for <TaskInstance: homework_dag.bigquery_external_table_task scheduled__2022-12-02T00:00:00+00:00 [queued]>
[2022-12-03 17:29:30,082] {taskinstance.py:1032} INFO - Dependencies all met for <TaskInstance: homework_dag.bigquery_external_table_task scheduled__2022-12-02T00:00:00+00:00 [queued]>
[2022-12-03 17:29:30,082] {taskinstance.py:1238} INFO - 
--------------------------------------------------------------------------------
[2022-12-03 17:29:30,083] {taskinstance.py:1239} INFO - Starting attempt 2 of 3
[2022-12-03 17:29:30,083] {taskinstance.py:1240} INFO - 
--------------------------------------------------------------------------------
[2022-12-03 17:29:30,093] {taskinstance.py:1259} INFO - Executing <Task(BigQueryCreateExternalTableOperator): bigquery_external_table_task> on 2022-12-02 00:00:00+00:00
[2022-12-03 17:29:30,100] {standard_task_runner.py:52} INFO - Started process 329 to run task
[2022-12-03 17:29:30,104] {standard_task_runner.py:76} INFO - Running: ['***', 'tasks', 'run', 'homework_dag', 'bigquery_external_table_task', 'scheduled__2022-12-02T00:00:00+00:00', '--job-id', '8', '--raw', '--subdir', 'DAGS_FOLDER/homework_dag.py', '--cfg-path', '/tmp/tmp47cl0gkz', '--error-file', '/tmp/tmpgre4rt3b']
[2022-12-03 17:29:30,105] {standard_task_runner.py:77} INFO - Job 8: Subtask bigquery_external_table_task
[2022-12-03 17:29:30,157] {logging_mixin.py:109} INFO - Running <TaskInstance: homework_dag.bigquery_external_table_task scheduled__2022-12-02T00:00:00+00:00 [running]> on host 48f7180843d2
[2022-12-03 17:29:30,206] {taskinstance.py:1426} INFO - Exporting the following env vars:
AIRFLOW_CTX_DAG_OWNER=***
AIRFLOW_CTX_DAG_ID=homework_dag
AIRFLOW_CTX_TASK_ID=bigquery_external_table_task
AIRFLOW_CTX_EXECUTION_DATE=2022-12-02T00:00:00+00:00
AIRFLOW_CTX_DAG_RUN_ID=scheduled__2022-12-02T00:00:00+00:00
[2022-12-03 17:29:30,207] {crypto.py:82} WARNING - empty cryptography key - values will not be stored encrypted.
[2022-12-03 17:29:31,102] {taskinstance.py:1277} INFO - Marking task as SUCCESS. dag_id=homework_dag, task_id=bigquery_external_table_task, execution_date=20221202T000000, start_date=20221203T172930, end_date=20221203T172931
[2022-12-03 17:29:31,161] {local_task_job.py:154} INFO - Task exited with return code 0
[2022-12-03 17:29:31,187] {local_task_job.py:264} INFO - 0 downstream tasks scheduled from follow-on schedule check
