[2022-12-21 19:01:14,536] {taskinstance.py:1032} INFO - Dependencies all met for <TaskInstance: fireflow_dag.download_github_data_task manual__2022-12-21T18:55:06.292041+00:00 [queued]>
[2022-12-21 19:01:14,555] {taskinstance.py:1032} INFO - Dependencies all met for <TaskInstance: fireflow_dag.download_github_data_task manual__2022-12-21T18:55:06.292041+00:00 [queued]>
[2022-12-21 19:01:14,555] {taskinstance.py:1238} INFO - 
--------------------------------------------------------------------------------
[2022-12-21 19:01:14,556] {taskinstance.py:1239} INFO - Starting attempt 2 of 2
[2022-12-21 19:01:14,556] {taskinstance.py:1240} INFO - 
--------------------------------------------------------------------------------
[2022-12-21 19:01:14,571] {taskinstance.py:1259} INFO - Executing <Task(PythonOperator): download_github_data_task> on 2022-12-21 18:55:06.292041+00:00
[2022-12-21 19:01:14,620] {standard_task_runner.py:52} INFO - Started process 1729 to run task
[2022-12-21 19:01:14,626] {standard_task_runner.py:76} INFO - Running: ['***', 'tasks', 'run', 'fireflow_dag', 'download_github_data_task', 'manual__2022-12-21T18:55:06.292041+00:00', '--job-id', '50', '--raw', '--subdir', 'DAGS_FOLDER/fireflow_batch_dag.py', '--cfg-path', '/tmp/tmpv6jqjiii', '--error-file', '/tmp/tmpldirqjib']
[2022-12-21 19:01:14,627] {standard_task_runner.py:77} INFO - Job 50: Subtask download_github_data_task
[2022-12-21 19:01:14,686] {logging_mixin.py:109} INFO - Running <TaskInstance: fireflow_dag.download_github_data_task manual__2022-12-21T18:55:06.292041+00:00 [running]> on host ffb0f01832af
[2022-12-21 19:01:14,911] {taskinstance.py:1426} INFO - Exporting the following env vars:
AIRFLOW_CTX_DAG_OWNER=***
AIRFLOW_CTX_DAG_ID=fireflow_dag
AIRFLOW_CTX_TASK_ID=download_github_data_task
AIRFLOW_CTX_EXECUTION_DATE=2022-12-21T18:55:06.292041+00:00
AIRFLOW_CTX_DAG_RUN_ID=manual__2022-12-21T18:55:06.292041+00:00
[2022-12-21 19:01:37,710] {python.py:175} INFO - Done. Returned value was: None
[2022-12-21 19:01:37,725] {taskinstance.py:1277} INFO - Marking task as SUCCESS. dag_id=fireflow_dag, task_id=download_github_data_task, execution_date=20221221T185506, start_date=20221221T190114, end_date=20221221T190137
[2022-12-21 19:01:37,786] {local_task_job.py:154} INFO - Task exited with return code 0
[2022-12-21 19:01:37,819] {local_task_job.py:264} INFO - 1 downstream tasks scheduled from follow-on schedule check
