[2022-12-21 14:21:06,240] {taskinstance.py:1032} INFO - Dependencies all met for <TaskInstance: fireflow_dag.download_github_data_task scheduled__2022-12-20T10:00:00+00:00 [queued]>
[2022-12-21 14:21:06,250] {taskinstance.py:1032} INFO - Dependencies all met for <TaskInstance: fireflow_dag.download_github_data_task scheduled__2022-12-20T10:00:00+00:00 [queued]>
[2022-12-21 14:21:06,251] {taskinstance.py:1238} INFO - 
--------------------------------------------------------------------------------
[2022-12-21 14:21:06,251] {taskinstance.py:1239} INFO - Starting attempt 1 of 2
[2022-12-21 14:21:06,252] {taskinstance.py:1240} INFO - 
--------------------------------------------------------------------------------
[2022-12-21 14:21:06,264] {taskinstance.py:1259} INFO - Executing <Task(PythonOperator): download_github_data_task> on 2022-12-20 10:00:00+00:00
[2022-12-21 14:21:06,270] {standard_task_runner.py:52} INFO - Started process 580 to run task
[2022-12-21 14:21:06,274] {standard_task_runner.py:76} INFO - Running: ['***', 'tasks', 'run', 'fireflow_dag', 'download_github_data_task', 'scheduled__2022-12-20T10:00:00+00:00', '--job-id', '58', '--raw', '--subdir', 'DAGS_FOLDER/fireflow_batch_dag.py', '--cfg-path', '/tmp/tmpyejkd1gt', '--error-file', '/tmp/tmppy_faqbs']
[2022-12-21 14:21:06,275] {standard_task_runner.py:77} INFO - Job 58: Subtask download_github_data_task
[2022-12-21 14:21:06,327] {logging_mixin.py:109} INFO - Running <TaskInstance: fireflow_dag.download_github_data_task scheduled__2022-12-20T10:00:00+00:00 [running]> on host 78bd7b303d21
[2022-12-21 14:21:06,381] {taskinstance.py:1426} INFO - Exporting the following env vars:
AIRFLOW_CTX_DAG_OWNER=***
AIRFLOW_CTX_DAG_ID=fireflow_dag
AIRFLOW_CTX_TASK_ID=download_github_data_task
AIRFLOW_CTX_EXECUTION_DATE=2022-12-20T10:00:00+00:00
AIRFLOW_CTX_DAG_RUN_ID=scheduled__2022-12-20T10:00:00+00:00
[2022-12-21 14:21:06,447] {python.py:175} INFO - Done. Returned value was: None
[2022-12-21 14:21:06,459] {taskinstance.py:1277} INFO - Marking task as SUCCESS. dag_id=fireflow_dag, task_id=download_github_data_task, execution_date=20221220T100000, start_date=20221221T142106, end_date=20221221T142106
[2022-12-21 14:21:06,487] {local_task_job.py:154} INFO - Task exited with return code 0
[2022-12-21 14:21:06,520] {local_task_job.py:264} INFO - 1 downstream tasks scheduled from follow-on schedule check
[2022-12-21 15:50:20,377] {taskinstance.py:1032} INFO - Dependencies all met for <TaskInstance: fireflow_dag.download_github_data_task scheduled__2022-12-20T10:00:00+00:00 [queued]>
[2022-12-21 15:50:20,390] {taskinstance.py:1032} INFO - Dependencies all met for <TaskInstance: fireflow_dag.download_github_data_task scheduled__2022-12-20T10:00:00+00:00 [queued]>
[2022-12-21 15:50:20,390] {taskinstance.py:1238} INFO - 
--------------------------------------------------------------------------------
[2022-12-21 15:50:20,391] {taskinstance.py:1239} INFO - Starting attempt 1 of 2
[2022-12-21 15:50:20,391] {taskinstance.py:1240} INFO - 
--------------------------------------------------------------------------------
[2022-12-21 15:50:20,406] {taskinstance.py:1259} INFO - Executing <Task(PythonOperator): download_github_data_task> on 2022-12-20 10:00:00+00:00
[2022-12-21 15:50:20,411] {standard_task_runner.py:52} INFO - Started process 84 to run task
[2022-12-21 15:50:20,414] {standard_task_runner.py:76} INFO - Running: ['***', 'tasks', 'run', 'fireflow_dag', 'download_github_data_task', 'scheduled__2022-12-20T10:00:00+00:00', '--job-id', '3', '--raw', '--subdir', 'DAGS_FOLDER/fireflow_batch_dag.py', '--cfg-path', '/tmp/tmpxald_u7b', '--error-file', '/tmp/tmpr1tzilfi']
[2022-12-21 15:50:20,416] {standard_task_runner.py:77} INFO - Job 3: Subtask download_github_data_task
[2022-12-21 15:50:20,464] {logging_mixin.py:109} INFO - Running <TaskInstance: fireflow_dag.download_github_data_task scheduled__2022-12-20T10:00:00+00:00 [running]> on host ffb0f01832af
[2022-12-21 15:50:20,518] {taskinstance.py:1426} INFO - Exporting the following env vars:
AIRFLOW_CTX_DAG_OWNER=***
AIRFLOW_CTX_DAG_ID=fireflow_dag
AIRFLOW_CTX_TASK_ID=download_github_data_task
AIRFLOW_CTX_EXECUTION_DATE=2022-12-20T10:00:00+00:00
AIRFLOW_CTX_DAG_RUN_ID=scheduled__2022-12-20T10:00:00+00:00
[2022-12-21 15:50:25,192] {python.py:175} INFO - Done. Returned value was: None
[2022-12-21 15:50:25,204] {taskinstance.py:1277} INFO - Marking task as SUCCESS. dag_id=fireflow_dag, task_id=download_github_data_task, execution_date=20221220T100000, start_date=20221221T155020, end_date=20221221T155025
[2022-12-21 15:50:25,247] {local_task_job.py:154} INFO - Task exited with return code 0
[2022-12-21 15:50:25,302] {local_task_job.py:264} INFO - 1 downstream tasks scheduled from follow-on schedule check
