[2022-12-21 15:56:10,286] {taskinstance.py:1032} INFO - Dependencies all met for <TaskInstance: fireflow_dag.download_github_data_task scheduled__2022-12-20T10:00:00+00:00 [queued]>
[2022-12-21 15:56:10,295] {taskinstance.py:1032} INFO - Dependencies all met for <TaskInstance: fireflow_dag.download_github_data_task scheduled__2022-12-20T10:00:00+00:00 [queued]>
[2022-12-21 15:56:10,296] {taskinstance.py:1238} INFO - 
--------------------------------------------------------------------------------
[2022-12-21 15:56:10,296] {taskinstance.py:1239} INFO - Starting attempt 2 of 3
[2022-12-21 15:56:10,297] {taskinstance.py:1240} INFO - 
--------------------------------------------------------------------------------
[2022-12-21 15:56:10,308] {taskinstance.py:1259} INFO - Executing <Task(PythonOperator): download_github_data_task> on 2022-12-20 10:00:00+00:00
[2022-12-21 15:56:10,313] {standard_task_runner.py:52} INFO - Started process 379 to run task
[2022-12-21 15:56:10,316] {standard_task_runner.py:76} INFO - Running: ['***', 'tasks', 'run', 'fireflow_dag', 'download_github_data_task', 'scheduled__2022-12-20T10:00:00+00:00', '--job-id', '7', '--raw', '--subdir', 'DAGS_FOLDER/fireflow_batch_dag.py', '--cfg-path', '/tmp/tmp0z8on4oe', '--error-file', '/tmp/tmpl_2q70hj']
[2022-12-21 15:56:10,317] {standard_task_runner.py:77} INFO - Job 7: Subtask download_github_data_task
[2022-12-21 15:56:10,369] {logging_mixin.py:109} INFO - Running <TaskInstance: fireflow_dag.download_github_data_task scheduled__2022-12-20T10:00:00+00:00 [running]> on host ffb0f01832af
[2022-12-21 15:56:10,419] {taskinstance.py:1426} INFO - Exporting the following env vars:
AIRFLOW_CTX_DAG_OWNER=***
AIRFLOW_CTX_DAG_ID=fireflow_dag
AIRFLOW_CTX_TASK_ID=download_github_data_task
AIRFLOW_CTX_EXECUTION_DATE=2022-12-20T10:00:00+00:00
AIRFLOW_CTX_DAG_RUN_ID=scheduled__2022-12-20T10:00:00+00:00
[2022-12-21 15:56:14,876] {python.py:175} INFO - Done. Returned value was: None
[2022-12-21 15:56:14,888] {taskinstance.py:1277} INFO - Marking task as SUCCESS. dag_id=fireflow_dag, task_id=download_github_data_task, execution_date=20221220T100000, start_date=20221221T155610, end_date=20221221T155614
[2022-12-21 15:56:14,911] {local_task_job.py:154} INFO - Task exited with return code 0
[2022-12-21 15:56:14,946] {local_task_job.py:264} INFO - 1 downstream tasks scheduled from follow-on schedule check
