[2022-12-21 15:10:25,252] {taskinstance.py:1032} INFO - Dependencies all met for <TaskInstance: fireflow_dag.download_github_data_task manual__2022-12-21T15:10:08.691534+00:00 [queued]>
[2022-12-21 15:10:25,261] {taskinstance.py:1032} INFO - Dependencies all met for <TaskInstance: fireflow_dag.download_github_data_task manual__2022-12-21T15:10:08.691534+00:00 [queued]>
[2022-12-21 15:10:25,261] {taskinstance.py:1238} INFO - 
--------------------------------------------------------------------------------
[2022-12-21 15:10:25,262] {taskinstance.py:1239} INFO - Starting attempt 1 of 2
[2022-12-21 15:10:25,262] {taskinstance.py:1240} INFO - 
--------------------------------------------------------------------------------
[2022-12-21 15:10:25,274] {taskinstance.py:1259} INFO - Executing <Task(PythonOperator): download_github_data_task> on 2022-12-21 15:10:08.691534+00:00
[2022-12-21 15:10:25,282] {standard_task_runner.py:52} INFO - Started process 2836 to run task
[2022-12-21 15:10:25,286] {standard_task_runner.py:76} INFO - Running: ['***', 'tasks', 'run', 'fireflow_dag', 'download_github_data_task', 'manual__2022-12-21T15:10:08.691534+00:00', '--job-id', '66', '--raw', '--subdir', 'DAGS_FOLDER/fireflow_batch_dag.py', '--cfg-path', '/tmp/tmp41fm7iks', '--error-file', '/tmp/tmp736_xmvn']
[2022-12-21 15:10:25,287] {standard_task_runner.py:77} INFO - Job 66: Subtask download_github_data_task
[2022-12-21 15:10:25,334] {logging_mixin.py:109} INFO - Running <TaskInstance: fireflow_dag.download_github_data_task manual__2022-12-21T15:10:08.691534+00:00 [running]> on host 78bd7b303d21
[2022-12-21 15:10:25,453] {taskinstance.py:1426} INFO - Exporting the following env vars:
AIRFLOW_CTX_DAG_OWNER=***
AIRFLOW_CTX_DAG_ID=fireflow_dag
AIRFLOW_CTX_TASK_ID=download_github_data_task
AIRFLOW_CTX_EXECUTION_DATE=2022-12-21T15:10:08.691534+00:00
AIRFLOW_CTX_DAG_RUN_ID=manual__2022-12-21T15:10:08.691534+00:00
[2022-12-21 15:10:31,710] {python.py:175} INFO - Done. Returned value was: None
[2022-12-21 15:10:31,722] {taskinstance.py:1277} INFO - Marking task as SUCCESS. dag_id=fireflow_dag, task_id=download_github_data_task, execution_date=20221221T151008, start_date=20221221T151025, end_date=20221221T151031
[2022-12-21 15:10:31,769] {local_task_job.py:154} INFO - Task exited with return code 0
[2022-12-21 15:10:31,814] {local_task_job.py:264} INFO - 1 downstream tasks scheduled from follow-on schedule check
