[2022-12-21 15:41:59,331] {taskinstance.py:1032} INFO - Dependencies all met for <TaskInstance: fireflow_dag.download_github_data_task manual__2022-12-21T15:41:57.792141+00:00 [queued]>
[2022-12-21 15:41:59,346] {taskinstance.py:1032} INFO - Dependencies all met for <TaskInstance: fireflow_dag.download_github_data_task manual__2022-12-21T15:41:57.792141+00:00 [queued]>
[2022-12-21 15:41:59,346] {taskinstance.py:1238} INFO - 
--------------------------------------------------------------------------------
[2022-12-21 15:41:59,347] {taskinstance.py:1239} INFO - Starting attempt 1 of 2
[2022-12-21 15:41:59,347] {taskinstance.py:1240} INFO - 
--------------------------------------------------------------------------------
[2022-12-21 15:41:59,364] {taskinstance.py:1259} INFO - Executing <Task(PythonOperator): download_github_data_task> on 2022-12-21 15:41:57.792141+00:00
[2022-12-21 15:41:59,369] {standard_task_runner.py:52} INFO - Started process 4326 to run task
[2022-12-21 15:41:59,373] {standard_task_runner.py:76} INFO - Running: ['***', 'tasks', 'run', 'fireflow_dag', 'download_github_data_task', 'manual__2022-12-21T15:41:57.792141+00:00', '--job-id', '78', '--raw', '--subdir', 'DAGS_FOLDER/fireflow_batch_dag.py', '--cfg-path', '/tmp/tmp34dw7ea8', '--error-file', '/tmp/tmp8g5mkuil']
[2022-12-21 15:41:59,374] {standard_task_runner.py:77} INFO - Job 78: Subtask download_github_data_task
[2022-12-21 15:41:59,426] {logging_mixin.py:109} INFO - Running <TaskInstance: fireflow_dag.download_github_data_task manual__2022-12-21T15:41:57.792141+00:00 [running]> on host 78bd7b303d21
[2022-12-21 15:41:59,486] {taskinstance.py:1426} INFO - Exporting the following env vars:
AIRFLOW_CTX_DAG_OWNER=***
AIRFLOW_CTX_DAG_ID=fireflow_dag
AIRFLOW_CTX_TASK_ID=download_github_data_task
AIRFLOW_CTX_EXECUTION_DATE=2022-12-21T15:41:57.792141+00:00
AIRFLOW_CTX_DAG_RUN_ID=manual__2022-12-21T15:41:57.792141+00:00
[2022-12-21 15:42:05,379] {python.py:175} INFO - Done. Returned value was: None
[2022-12-21 15:42:05,408] {taskinstance.py:1277} INFO - Marking task as SUCCESS. dag_id=fireflow_dag, task_id=download_github_data_task, execution_date=20221221T154157, start_date=20221221T154159, end_date=20221221T154205
[2022-12-21 15:42:05,452] {local_task_job.py:154} INFO - Task exited with return code 0
[2022-12-21 15:42:05,520] {local_task_job.py:264} INFO - 1 downstream tasks scheduled from follow-on schedule check
